[2011-06-08 22:08:43] request.ERROR: No route found for "GET /js/jquery.tablesorter.js" 
[2011-06-08 22:08:43] request.ERROR: Symfony\Component\HttpKernel\Exception\NotFoundHttpException: No route found for "GET /js/jquery.tablesorter.js" (uncaught exception) at C:\xampp\htdocs\symfonytable\vendor\symfony\src\Symfony\Bundle\FrameworkBundle\EventListener\RouterListener.php line 90 
[2011-06-08 22:08:43] request.INFO: Using controller "Symfony\Bundle\FrameworkBundle\Controller\ExceptionController::showAction" 
[2011-06-08 22:08:44] request.ERROR: No route found for "GET /css/style.css" 
[2011-06-08 22:08:44] request.ERROR: Symfony\Component\HttpKernel\Exception\NotFoundHttpException: No route found for "GET /css/style.css" (uncaught exception) at C:\xampp\htdocs\symfonytable\vendor\symfony\src\Symfony\Bundle\FrameworkBundle\EventListener\RouterListener.php line 90 
[2011-06-08 22:08:44] request.INFO: Using controller "Symfony\Bundle\FrameworkBundle\Controller\ExceptionController::showAction" 
[2011-06-08 22:08:44] request.ERROR: No route found for "GET /js/jquery-1.6.1.js" 
[2011-06-08 22:08:44] request.ERROR: Symfony\Component\HttpKernel\Exception\NotFoundHttpException: No route found for "GET /js/jquery-1.6.1.js" (uncaught exception) at C:\xampp\htdocs\symfonytable\vendor\symfony\src\Symfony\Bundle\FrameworkBundle\EventListener\RouterListener.php line 90 
[2011-06-08 22:08:44] request.INFO: Using controller "Symfony\Bundle\FrameworkBundle\Controller\ExceptionController::showAction" 
[2011-06-08 22:22:04] request.ERROR: No route found for "GET /js/jquery-1.6.1.js" 
[2011-06-08 22:22:04] request.ERROR: Symfony\Component\HttpKernel\Exception\NotFoundHttpException: No route found for "GET /js/jquery-1.6.1.js" (uncaught exception) at C:\xampp\htdocs\symfonytable\vendor\symfony\src\Symfony\Bundle\FrameworkBundle\EventListener\RouterListener.php line 90 
[2011-06-08 22:22:04] request.INFO: Using controller "Symfony\Bundle\FrameworkBundle\Controller\ExceptionController::showAction" 
[2011-06-08 22:22:04] request.ERROR: No route found for "GET /js/jquery.tablesorter.js" 
[2011-06-08 22:22:04] request.ERROR: Symfony\Component\HttpKernel\Exception\NotFoundHttpException: No route found for "GET /js/jquery.tablesorter.js" (uncaught exception) at C:\xampp\htdocs\symfonytable\vendor\symfony\src\Symfony\Bundle\FrameworkBundle\EventListener\RouterListener.php line 90 
[2011-06-08 22:22:04] request.INFO: Using controller "Symfony\Bundle\FrameworkBundle\Controller\ExceptionController::showAction" 
[2011-06-08 22:22:04] request.ERROR: No route found for "GET /css/style.css" 
[2011-06-08 22:22:04] request.ERROR: Symfony\Component\HttpKernel\Exception\NotFoundHttpException: No route found for "GET /css/style.css" (uncaught exception) at C:\xampp\htdocs\symfonytable\vendor\symfony\src\Symfony\Bundle\FrameworkBundle\EventListener\RouterListener.php line 90 
[2011-06-08 22:22:04] request.INFO: Using controller "Symfony\Bundle\FrameworkBundle\Controller\ExceptionController::showAction" 
[2011-06-08 22:22:14] request.ERROR: No route found for "GET /css/style.css" 
[2011-06-08 22:22:14] request.ERROR: Symfony\Component\HttpKernel\Exception\NotFoundHttpException: No route found for "GET /css/style.css" (uncaught exception) at C:\xampp\htdocs\symfonytable\vendor\symfony\src\Symfony\Bundle\FrameworkBundle\EventListener\RouterListener.php line 90 
[2011-06-08 22:22:14] request.INFO: Using controller "Symfony\Bundle\FrameworkBundle\Controller\ExceptionController::showAction" 
[2011-06-08 22:22:33] request.ERROR: No route found for "GET /js/jquery.tablesorter.js" 
[2011-06-08 22:22:33] request.ERROR: Symfony\Component\HttpKernel\Exception\NotFoundHttpException: No route found for "GET /js/jquery.tablesorter.js" (uncaught exception) at C:\xampp\htdocs\symfonytable\vendor\symfony\src\Symfony\Bundle\FrameworkBundle\EventListener\RouterListener.php line 90 
[2011-06-08 22:22:33] request.INFO: Using controller "Symfony\Bundle\FrameworkBundle\Controller\ExceptionController::showAction" 
[2011-06-08 22:22:33] request.ERROR: No route found for "GET /js/jquery-1.6.1.js" 
[2011-06-08 22:22:33] request.ERROR: Symfony\Component\HttpKernel\Exception\NotFoundHttpException: No route found for "GET /js/jquery-1.6.1.js" (uncaught exception) at C:\xampp\htdocs\symfonytable\vendor\symfony\src\Symfony\Bundle\FrameworkBundle\EventListener\RouterListener.php line 90 
[2011-06-08 22:22:33] request.INFO: Using controller "Symfony\Bundle\FrameworkBundle\Controller\ExceptionController::showAction" 
[2011-06-08 22:22:34] request.ERROR: No route found for "GET /acmetable/css/style.css" 
[2011-06-08 22:22:34] request.ERROR: Symfony\Component\HttpKernel\Exception\NotFoundHttpException: No route found for "GET /acmetable/css/style.css" (uncaught exception) at C:\xampp\htdocs\symfonytable\vendor\symfony\src\Symfony\Bundle\FrameworkBundle\EventListener\RouterListener.php line 90 
[2011-06-08 22:22:34] request.INFO: Using controller "Symfony\Bundle\FrameworkBundle\Controller\ExceptionController::showAction" 
[2011-06-08 22:22:42] request.ERROR: No route found for "GET /acmetable/css/style.css" 
[2011-06-08 22:22:42] request.ERROR: Symfony\Component\HttpKernel\Exception\NotFoundHttpException: No route found for "GET /acmetable/css/style.css" (uncaught exception) at C:\xampp\htdocs\symfonytable\vendor\symfony\src\Symfony\Bundle\FrameworkBundle\EventListener\RouterListener.php line 90 
[2011-06-08 22:22:43] request.INFO: Using controller "Symfony\Bundle\FrameworkBundle\Controller\ExceptionController::showAction" 
[2011-06-08 22:23:33] request.ERROR: No route found for "GET /js/jquery.tablesorter.js" 
[2011-06-08 22:23:33] request.ERROR: Symfony\Component\HttpKernel\Exception\NotFoundHttpException: No route found for "GET /js/jquery.tablesorter.js" (uncaught exception) at C:\xampp\htdocs\symfonytable\vendor\symfony\src\Symfony\Bundle\FrameworkBundle\EventListener\RouterListener.php line 90 
[2011-06-08 22:23:33] request.INFO: Using controller "Symfony\Bundle\FrameworkBundle\Controller\ExceptionController::showAction" 
[2011-06-08 22:23:33] request.ERROR: No route found for "GET /js/jquery-1.6.1.js" 
[2011-06-08 22:23:33] request.ERROR: Symfony\Component\HttpKernel\Exception\NotFoundHttpException: No route found for "GET /js/jquery-1.6.1.js" (uncaught exception) at C:\xampp\htdocs\symfonytable\vendor\symfony\src\Symfony\Bundle\FrameworkBundle\EventListener\RouterListener.php line 90 
[2011-06-08 22:23:33] request.INFO: Using controller "Symfony\Bundle\FrameworkBundle\Controller\ExceptionController::showAction" 
[2011-06-08 22:23:34] request.ERROR: No route found for "GET /acmetable/css/style.css" 
[2011-06-08 22:23:34] request.ERROR: Symfony\Component\HttpKernel\Exception\NotFoundHttpException: No route found for "GET /acmetable/css/style.css" (uncaught exception) at C:\xampp\htdocs\symfonytable\vendor\symfony\src\Symfony\Bundle\FrameworkBundle\EventListener\RouterListener.php line 90 
[2011-06-08 22:23:34] request.INFO: Using controller "Symfony\Bundle\FrameworkBundle\Controller\ExceptionController::showAction" 
[2011-06-08 22:24:29] request.ERROR: No route found for "GET /js/jquery-1.6.1.js" 
[2011-06-08 22:24:29] request.ERROR: Symfony\Component\HttpKernel\Exception\NotFoundHttpException: No route found for "GET /js/jquery-1.6.1.js" (uncaught exception) at C:\xampp\htdocs\symfonytable\vendor\symfony\src\Symfony\Bundle\FrameworkBundle\EventListener\RouterListener.php line 90 
[2011-06-08 22:24:29] request.INFO: Using controller "Symfony\Bundle\FrameworkBundle\Controller\ExceptionController::showAction" 
[2011-06-08 22:24:29] request.ERROR: No route found for "GET /js/jquery.tablesorter.js" 
[2011-06-08 22:24:29] request.ERROR: Symfony\Component\HttpKernel\Exception\NotFoundHttpException: No route found for "GET /js/jquery.tablesorter.js" (uncaught exception) at C:\xampp\htdocs\symfonytable\vendor\symfony\src\Symfony\Bundle\FrameworkBundle\EventListener\RouterListener.php line 90 
[2011-06-08 22:24:29] request.INFO: Using controller "Symfony\Bundle\FrameworkBundle\Controller\ExceptionController::showAction" 
[2011-06-08 22:26:56] request.ERROR: No route found for "GET /js/jquery.tablesorter.js" 
[2011-06-08 22:26:56] request.ERROR: Symfony\Component\HttpKernel\Exception\NotFoundHttpException: No route found for "GET /js/jquery.tablesorter.js" (uncaught exception) at C:\xampp\htdocs\symfonytable\vendor\symfony\src\Symfony\Bundle\FrameworkBundle\EventListener\RouterListener.php line 90 
[2011-06-08 22:26:56] request.INFO: Using controller "Symfony\Bundle\FrameworkBundle\Controller\ExceptionController::showAction" 
[2011-06-08 22:27:17] request.ERROR: No route found for "GET /js/jquery.tablesorter.js" 
[2011-06-08 22:27:17] request.ERROR: Symfony\Component\HttpKernel\Exception\NotFoundHttpException: No route found for "GET /js/jquery.tablesorter.js" (uncaught exception) at C:\xampp\htdocs\symfonytable\vendor\symfony\src\Symfony\Bundle\FrameworkBundle\EventListener\RouterListener.php line 90 
[2011-06-08 22:27:17] request.INFO: Using controller "Symfony\Bundle\FrameworkBundle\Controller\ExceptionController::showAction" 
[2011-06-08 22:38:57] request.ERROR: No route found for "GET /bundles/acmetable/js/jquery-1.6.1.js" 
[2011-06-08 22:38:57] request.ERROR: Symfony\Component\HttpKernel\Exception\NotFoundHttpException: No route found for "GET /bundles/acmetable/js/jquery-1.6.1.js" (uncaught exception) at C:\xampp\htdocs\symfonytable\vendor\symfony\src\Symfony\Bundle\FrameworkBundle\EventListener\RouterListener.php line 90 
[2011-06-08 22:38:57] request.INFO: Using controller "Symfony\Bundle\FrameworkBundle\Controller\ExceptionController::showAction" 
[2011-06-08 22:38:57] request.ERROR: No route found for "GET /bundles/acmetable/js/jquery.tablesorter.js" 
[2011-06-08 22:38:57] request.ERROR: Symfony\Component\HttpKernel\Exception\NotFoundHttpException: No route found for "GET /bundles/acmetable/js/jquery.tablesorter.js" (uncaught exception) at C:\xampp\htdocs\symfonytable\vendor\symfony\src\Symfony\Bundle\FrameworkBundle\EventListener\RouterListener.php line 90 
[2011-06-08 22:38:57] request.INFO: Using controller "Symfony\Bundle\FrameworkBundle\Controller\ExceptionController::showAction" 
[2011-06-08 22:39:49] request.ERROR: No route found for "GET /bundles/acmetable/js/jquery-1.6.1.js" 
[2011-06-08 22:39:49] request.ERROR: Symfony\Component\HttpKernel\Exception\NotFoundHttpException: No route found for "GET /bundles/acmetable/js/jquery-1.6.1.js" (uncaught exception) at C:\xampp\htdocs\symfonytable\vendor\symfony\src\Symfony\Bundle\FrameworkBundle\EventListener\RouterListener.php line 90 
[2011-06-08 22:39:49] request.INFO: Using controller "Symfony\Bundle\FrameworkBundle\Controller\ExceptionController::showAction" 
[2011-06-08 22:39:49] request.ERROR: No route found for "GET /bundles/acmetable/js/jquery.tablesorter.js" 
[2011-06-08 22:39:49] request.ERROR: Symfony\Component\HttpKernel\Exception\NotFoundHttpException: No route found for "GET /bundles/acmetable/js/jquery.tablesorter.js" (uncaught exception) at C:\xampp\htdocs\symfonytable\vendor\symfony\src\Symfony\Bundle\FrameworkBundle\EventListener\RouterListener.php line 90 
[2011-06-08 22:39:49] request.INFO: Using controller "Symfony\Bundle\FrameworkBundle\Controller\ExceptionController::showAction" 
[2011-06-08 22:40:30] request.ERROR: No route found for "GET /bundles/acmetable/js/jquery-1.6.1.js" 
[2011-06-08 22:40:30] request.ERROR: Symfony\Component\HttpKernel\Exception\NotFoundHttpException: No route found for "GET /bundles/acmetable/js/jquery-1.6.1.js" (uncaught exception) at C:\xampp\htdocs\symfonytable\vendor\symfony\src\Symfony\Bundle\FrameworkBundle\EventListener\RouterListener.php line 90 
[2011-06-08 22:40:30] request.INFO: Using controller "Symfony\Bundle\FrameworkBundle\Controller\ExceptionController::showAction" 
[2011-06-08 22:40:36] request.ERROR: No route found for "GET /bundles/acmetable/js/jquery.tablesorter.js" 
[2011-06-08 22:40:36] request.ERROR: Symfony\Component\HttpKernel\Exception\NotFoundHttpException: No route found for "GET /bundles/acmetable/js/jquery.tablesorter.js" (uncaught exception) at C:\xampp\htdocs\symfonytable\vendor\symfony\src\Symfony\Bundle\FrameworkBundle\EventListener\RouterListener.php line 90 
[2011-06-08 22:40:36] request.INFO: Using controller "Symfony\Bundle\FrameworkBundle\Controller\ExceptionController::showAction" 
[2011-06-08 22:41:18] request.ERROR: No route found for "GET /bundles/acmetable/css/desc.gif" 
[2011-06-08 22:41:18] request.ERROR: Symfony\Component\HttpKernel\Exception\NotFoundHttpException: No route found for "GET /bundles/acmetable/css/desc.gif" (uncaught exception) at C:\xampp\htdocs\symfonytable\vendor\symfony\src\Symfony\Bundle\FrameworkBundle\EventListener\RouterListener.php line 90 
[2011-06-08 22:41:18] request.INFO: Using controller "Symfony\Bundle\FrameworkBundle\Controller\ExceptionController::showAction" 
[2011-06-08 22:41:18] request.ERROR: No route found for "GET /bundles/acmetable/css/asc.gif" 
[2011-06-08 22:41:18] request.ERROR: Symfony\Component\HttpKernel\Exception\NotFoundHttpException: No route found for "GET /bundles/acmetable/css/asc.gif" (uncaught exception) at C:\xampp\htdocs\symfonytable\vendor\symfony\src\Symfony\Bundle\FrameworkBundle\EventListener\RouterListener.php line 90 
[2011-06-08 22:41:18] request.INFO: Using controller "Symfony\Bundle\FrameworkBundle\Controller\ExceptionController::showAction" 
[2011-06-08 22:41:18] request.ERROR: No route found for "GET /bundles/acmetable/css/bg.gif" 
[2011-06-08 22:41:18] request.ERROR: Symfony\Component\HttpKernel\Exception\NotFoundHttpException: No route found for "GET /bundles/acmetable/css/bg.gif" (uncaught exception) at C:\xampp\htdocs\symfonytable\vendor\symfony\src\Symfony\Bundle\FrameworkBundle\EventListener\RouterListener.php line 90 
[2011-06-08 22:41:18] request.INFO: Using controller "Symfony\Bundle\FrameworkBundle\Controller\ExceptionController::showAction" 
